{"C:\\Users\\正木鉄工\\OneDrive\\デスクトップ\\dev\\AiZumen\\client\\src\\components\\auth\\LoginPage.jsx": {"path":"C:\\Users\\正木鉄工\\OneDrive\\デスクトップ\\dev\\AiZumen\\client\\src\\components\\auth\\LoginPage.jsx","statementMap":{"0":{"start":{"line":7,"column":35},"end":{"line":7,"column":null}},"1":{"start":{"line":8,"column":10},"end":{"line":8,"column":null}},"2":{"start":{"line":11,"column":34},"end":{"line":11,"column":null}},"3":{"start":{"line":14,"column":38},"end":{"line":14,"column":null}},"4":{"start":{"line":15,"column":36},"end":{"line":15,"column":null}},"5":{"start":{"line":16,"column":26},"end":{"line":16,"column":null}},"6":{"start":{"line":17,"column":32},"end":{"line":17,"column":null}},"7":{"start":{"line":18,"column":26},"end":{"line":18,"column":null}},"8":{"start":{"line":19,"column":30},"end":{"line":19,"column":null}},"9":{"start":{"line":22,"column":8},"end":{"line":22,"column":null}},"10":{"start":{"line":23,"column":8},"end":{"line":23,"column":null}},"11":{"start":{"line":24,"column":8},"end":{"line":24,"column":null}},"12":{"start":{"line":25,"column":8},"end":{"line":46,"column":null}},"13":{"start":{"line":26,"column":12},"end":{"line":30,"column":null}},"14":{"start":{"line":27,"column":16},"end":{"line":27,"column":null}},"15":{"start":{"line":29,"column":16},"end":{"line":29,"column":null}},"16":{"start":{"line":31,"column":12},"end":{"line":31,"column":null}},"17":{"start":{"line":33,"column":22},"end":{"line":33,"column":null}},"18":{"start":{"line":34,"column":12},"end":{"line":42,"column":null}},"19":{"start":{"line":35,"column":16},"end":{"line":37,"column":null}},"20":{"start":{"line":38,"column":12},"end":{"line":42,"column":null}},"21":{"start":{"line":39,"column":16},"end":{"line":39,"column":null}},"22":{"start":{"line":40,"column":12},"end":{"line":42,"column":null}},"23":{"start":{"line":41,"column":16},"end":{"line":41,"column":null}},"24":{"start":{"line":43,"column":12},"end":{"line":43,"column":null}},"25":{"start":{"line":45,"column":12},"end":{"line":45,"column":null}},"26":{"start":{"line":49,"column":4},"end":{"line":168,"column":null}},"27":{"start":{"line":72,"column":45},"end":{"line":72,"column":71}},"28":{"start":{"line":72,"column":71},"end":{"line":72,"column":85}},"29":{"start":{"line":82,"column":45},"end":{"line":82,"column":68}},"30":{"start":{"line":82,"column":68},"end":{"line":82,"column":82}},"31":{"start":{"line":101,"column":91},"end":{"line":101,"column":123}},"32":{"start":{"line":112,"column":90},"end":{"line":112,"column":121}},"33":{"start":{"line":125,"column":82},"end":{"line":125,"column":108}},"34":{"start":{"line":138,"column":84},"end":{"line":138,"column":113}}},"fnMap":{"0":{"name":"LoginPage","decl":{"start":{"line":6,"column":24},"end":{"line":6,"column":36}},"loc":{"start":{"line":6,"column":36},"end":{"line":170,"column":null}},"line":6},"1":{"name":"handleSubmit","decl":{"start":{"line":21,"column":19},"end":{"line":21,"column":32}},"loc":{"start":{"line":21,"column":35},"end":{"line":47,"column":null}},"line":21},"2":{"name":"(anonymous_2)","decl":{"start":{"line":72,"column":37},"end":{"line":72,"column":43}},"loc":{"start":{"line":72,"column":43},"end":{"line":72,"column":null}},"line":72},"3":{"name":"(anonymous_3)","decl":{"start":{"line":82,"column":37},"end":{"line":82,"column":43}},"loc":{"start":{"line":82,"column":43},"end":{"line":82,"column":null}},"line":82},"4":{"name":"(anonymous_4)","decl":{"start":{"line":101,"column":86},"end":{"line":101,"column":91}},"loc":{"start":{"line":101,"column":91},"end":{"line":101,"column":123}},"line":101},"5":{"name":"(anonymous_5)","decl":{"start":{"line":112,"column":85},"end":{"line":112,"column":90}},"loc":{"start":{"line":112,"column":90},"end":{"line":112,"column":121}},"line":112},"6":{"name":"(anonymous_6)","decl":{"start":{"line":125,"column":77},"end":{"line":125,"column":82}},"loc":{"start":{"line":125,"column":82},"end":{"line":125,"column":108}},"line":125},"7":{"name":"(anonymous_7)","decl":{"start":{"line":138,"column":79},"end":{"line":138,"column":84}},"loc":{"start":{"line":138,"column":84},"end":{"line":138,"column":113}},"line":138}},"branchMap":{"0":{"loc":{"start":{"line":26,"column":12},"end":{"line":30,"column":null}},"type":"if","locations":[{"start":{"line":26,"column":12},"end":{"line":30,"column":null}},{"start":{"line":28,"column":19},"end":{"line":30,"column":null}}],"line":26},"1":{"loc":{"start":{"line":33,"column":22},"end":{"line":33,"column":null}},"type":"binary-expr","locations":[{"start":{"line":33,"column":22},"end":{"line":33,"column":51}},{"start":{"line":33,"column":51},"end":{"line":33,"column":66}},{"start":{"line":33,"column":66},"end":{"line":33,"column":null}}],"line":33},"2":{"loc":{"start":{"line":34,"column":12},"end":{"line":42,"column":null}},"type":"if","locations":[{"start":{"line":34,"column":12},"end":{"line":42,"column":null}},{"start":{"line":38,"column":12},"end":{"line":42,"column":null}}],"line":34},"3":{"loc":{"start":{"line":34,"column":16},"end":{"line":34,"column":137}},"type":"binary-expr","locations":[{"start":{"line":34,"column":16},"end":{"line":34,"column":55}},{"start":{"line":34,"column":55},"end":{"line":34,"column":94}},{"start":{"line":34,"column":94},"end":{"line":34,"column":137}}],"line":34},"4":{"loc":{"start":{"line":35,"column":22},"end":{"line":37,"column":null}},"type":"cond-expr","locations":[{"start":{"line":36,"column":22},"end":{"line":36,"column":null}},{"start":{"line":37,"column":22},"end":{"line":37,"column":null}}],"line":35},"5":{"loc":{"start":{"line":38,"column":12},"end":{"line":42,"column":null}},"type":"if","locations":[{"start":{"line":38,"column":12},"end":{"line":42,"column":null}},{"start":{"line":40,"column":12},"end":{"line":42,"column":null}}],"line":38},"6":{"loc":{"start":{"line":40,"column":12},"end":{"line":42,"column":null}},"type":"if","locations":[{"start":{"line":40,"column":12},"end":{"line":42,"column":null}},{"start":{},"end":{}}],"line":40},"7":{"loc":{"start":{"line":40,"column":23},"end":{"line":40,"column":79}},"type":"binary-expr","locations":[{"start":{"line":40,"column":23},"end":{"line":40,"column":56}},{"start":{"line":40,"column":56},"end":{"line":40,"column":79}}],"line":40},"8":{"loc":{"start":{"line":62,"column":21},"end":{"line":65,"column":null}},"type":"binary-expr","locations":[{"start":{"line":62,"column":21},"end":{"line":62,"column":null}},{"start":{"line":63,"column":24},"end":{"line":65,"column":null}}],"line":62},"9":{"loc":{"start":{"line":73,"column":98},"end":{"line":75,"column":null}},"type":"cond-expr","locations":[{"start":{"line":74,"column":34},"end":{"line":74,"column":null}},{"start":{"line":75,"column":34},"end":{"line":75,"column":null}}],"line":73},"10":{"loc":{"start":{"line":83,"column":98},"end":{"line":85,"column":null}},"type":"cond-expr","locations":[{"start":{"line":84,"column":34},"end":{"line":84,"column":null}},{"start":{"line":85,"column":34},"end":{"line":85,"column":null}}],"line":83},"11":{"loc":{"start":{"line":94,"column":25},"end":{"line":130,"column":null}},"type":"cond-expr","locations":[{"start":{"line":95,"column":28},"end":{"line":118,"column":null}},{"start":{"line":120,"column":28},"end":{"line":130,"column":null}}],"line":94},"12":{"loc":{"start":{"line":150,"column":29},"end":{"line":150,"column":null}},"type":"cond-expr","locations":[{"start":{"line":150,"column":39},"end":{"line":150,"column":52}},{"start":{"line":150,"column":52},"end":{"line":150,"column":null}}],"line":150}},"s":{"0":15,"1":15,"2":15,"3":15,"4":15,"5":15,"6":15,"7":15,"8":15,"9":2,"10":2,"11":2,"12":2,"13":2,"14":2,"15":0,"16":1,"17":1,"18":1,"19":1,"20":0,"21":0,"22":0,"23":0,"24":1,"25":2,"26":15,"27":0,"28":0,"29":1,"30":1,"31":2,"32":2,"33":0,"34":2},"f":{"0":15,"1":2,"2":0,"3":1,"4":2,"5":2,"6":0,"7":2},"b":{"0":[2,0],"1":[1,1,0],"2":[1,0],"3":[1,0,0],"4":[1,0],"5":[0,0],"6":[0,0],"7":[0,0],"8":[15,1],"9":[14,1],"10":[1,14],"11":[14,1],"12":[2,13]},"meta":{"lastBranch":13,"lastFunction":8,"lastStatement":35,"seen":{"f:6:24:6:36":0,"s:7:35:7:Infinity":0,"s:8:10:8:Infinity":1,"s:11:34:11:Infinity":2,"s:14:38:14:Infinity":3,"s:15:36:15:Infinity":4,"s:16:26:16:Infinity":5,"s:17:32:17:Infinity":6,"s:18:26:18:Infinity":7,"s:19:30:19:Infinity":8,"f:21:19:21:32":1,"s:22:8:22:Infinity":9,"s:23:8:23:Infinity":10,"s:24:8:24:Infinity":11,"s:25:8:46:Infinity":12,"b:26:12:30:Infinity:28:19:30:Infinity":0,"s:26:12:30:Infinity":13,"s:27:16:27:Infinity":14,"s:29:16:29:Infinity":15,"s:31:12:31:Infinity":16,"s:33:22:33:Infinity":17,"b:33:22:33:51:33:51:33:66:33:66:33:Infinity":1,"b:34:12:42:Infinity:38:12:42:Infinity":2,"s:34:12:42:Infinity":18,"b:34:16:34:55:34:55:34:94:34:94:34:137":3,"s:35:16:37:Infinity":19,"b:36:22:36:Infinity:37:22:37:Infinity":4,"b:38:12:42:Infinity:40:12:42:Infinity":5,"s:38:12:42:Infinity":20,"s:39:16:39:Infinity":21,"b:40:12:42:Infinity:undefined:undefined:undefined:undefined":6,"s:40:12:42:Infinity":22,"b:40:23:40:56:40:56:40:79":7,"s:41:16:41:Infinity":23,"s:43:12:43:Infinity":24,"s:45:12:45:Infinity":25,"s:49:4:168:Infinity":26,"b:62:21:62:Infinity:63:24:65:Infinity":8,"f:72:37:72:43":2,"s:72:45:72:71":27,"s:72:71:72:85":28,"b:74:34:74:Infinity:75:34:75:Infinity":9,"f:82:37:82:43":3,"s:82:45:82:68":29,"s:82:68:82:82":30,"b:84:34:84:Infinity:85:34:85:Infinity":10,"b:95:28:118:Infinity:120:28:130:Infinity":11,"f:101:86:101:91":4,"s:101:91:101:123":31,"f:112:85:112:90":5,"s:112:90:112:121":32,"f:125:77:125:82":6,"s:125:82:125:108":33,"f:138:79:138:84":7,"s:138:84:138:113":34,"b:150:39:150:52:150:52:150:Infinity":12}}}
}
